jun 08, 2020 8:17:20 AM serpro.ppgd.irpf.util.update.IRPFUpdater download
INFORMAÇÕES: Iniciando download de arquivos internos: [ECA, IDOSO, BANCO, BBENS].
jun 08, 2020 8:17:20 AM br.gov.serpro.updater.PgdUpdater executarDownload
INFORMAÇÕES: Iniciando download dos pacotes de instalação: '[Ljava.lang.String;@48b5f7d4'.
jun 08, 2020 8:17:20 AM br.gov.serpro.updater.PgdUpdater registerUpdateStatus
INFORMAÇÕES: Registrando estado atual:Downloading
jun 08, 2020 8:17:20 AM br.gov.serpro.updater.PgdUpdater registerUpdateStatus
INFORMAÇÕES: Registrando estado atual:DownloadCompleted
jun 08, 2020 8:17:20 AM br.gov.serpro.updater.PgdUpdater updateFiles
INFORMAÇÕES: Iniciando decompactação dos arquivos do pacote na pasta temporária: 'C:\Users\bagr\.irpf\tmp_IRPF2020'.
jun 08, 2020 8:17:20 AM br.gov.serpro.updater.PgdUpdater registerUpdateStatus
INFORMAÇÕES: Registrando estado atual:Updtating
jun 08, 2020 8:17:21 AM br.gov.serpro.updater.PgdUpdater updateFiles
INFORMAÇÕES: Iniciando a atualização dos arquivos.
jun 08, 2020 8:17:21 AM br.gov.serpro.updater.PgdUpdater registerUpdateStatus
INFORMAÇÕES: Registrando estado atual:Updtating
jun 08, 2020 8:17:21 AM br.gov.serpro.updater.PgdUpdater registerUpdateStatus
INFORMAÇÕES: Registrando estado atual:UpdateCompleted
jun 08, 2020 8:17:21 AM br.gov.serpro.updater.PgdUpdater registerUpdateStatus
INFORMAÇÕES: Registrando estado atual:NotStarted
jun 17, 2020 8:56:34 AM serpro.ppgd.irpf.util.update.IRPFUpdater download
INFORMAÇÕES: Iniciando download da versão: 1.8 (Opcional). Versão Atual: 1.7.
jun 17, 2020 8:56:34 AM br.gov.serpro.updater.PgdUpdater executarDownload
INFORMAÇÕES: Iniciando download dos pacotes de instalação: '[Ljava.lang.String;@3623d8a3'.
jun 17, 2020 8:56:34 AM br.gov.serpro.updater.PgdUpdater registerUpdateStatus
INFORMAÇÕES: Registrando estado atual:Downloading
jun 17, 2020 8:56:40 AM br.gov.serpro.updater.PgdUpdater registerUpdateStatus
INFORMAÇÕES: Registrando estado atual:DownloadCompleted
jun 17, 2020 8:56:44 AM br.gov.serpro.updater.PgdUpdater updateFiles
INFORMAÇÕES: Iniciando decompactação dos arquivos do pacote na pasta temporária: 'C:\Users\bagr\.irpf\tmp_IRPF2020'.
jun 17, 2020 8:56:44 AM br.gov.serpro.updater.PgdUpdater registerUpdateStatus
INFORMAÇÕES: Registrando estado atual:Updtating
jun 17, 2020 8:56:44 AM br.gov.serpro.updater.PgdUpdater updateFiles
INFORMAÇÕES: Iniciando a atualização dos arquivos.
jun 17, 2020 8:56:44 AM br.gov.serpro.updater.PgdUpdater registerUpdateStatus
INFORMAÇÕES: Registrando estado atual:Updtating
jun 17, 2020 8:56:45 AM br.gov.serpro.updater.PgdUpdater registerUpdateStatus
INFORMAÇÕES: Registrando estado atual:UpdateCompleted
jun 28, 2020 3:11:15 PM serpro.ppgd.irpf.util.update.IRPFUpdater download
INFORMAÇÕES: Iniciando download da versão: 1.9 (Opcional). Versão Atual: 1.8.
jun 28, 2020 3:11:15 PM br.gov.serpro.updater.PgdUpdater executarDownload
INFORMAÇÕES: Iniciando download dos pacotes de instalação: '[Ljava.lang.String;@2e063ff7'.
jun 28, 2020 3:11:15 PM br.gov.serpro.updater.PgdUpdater registerUpdateStatus
INFORMAÇÕES: Registrando estado atual:Downloading
jun 28, 2020 3:11:19 PM br.gov.serpro.updater.PgdUpdater registerUpdateStatus
INFORMAÇÕES: Registrando estado atual:DownloadCompleted
jun 28, 2020 3:11:23 PM br.gov.serpro.updater.PgdUpdater updateFiles
INFORMAÇÕES: Iniciando decompactação dos arquivos do pacote na pasta temporária: 'C:\Users\bagr\.irpf\tmp_IRPF2020'.
jun 28, 2020 3:11:24 PM br.gov.serpro.updater.PgdUpdater registerUpdateStatus
INFORMAÇÕES: Registrando estado atual:Updtating
jun 28, 2020 3:11:24 PM br.gov.serpro.updater.PgdUpdater updateFiles
INFORMAÇÕES: Iniciando a atualização dos arquivos.
jun 28, 2020 3:11:24 PM br.gov.serpro.updater.PgdUpdater registerUpdateStatus
INFORMAÇÕES: Registrando estado atual:Updtating
jun 28, 2020 3:11:24 PM br.gov.serpro.updater.PgdUpdater registerUpdateStatus
INFORMAÇÕES: Registrando estado atual:UpdateCompleted
ago 01, 2020 9:52:04 AM br.gov.serpro.updater.PgdUpdater getLatestRelease
GRAVE: downloadirpf.receita.fazenda.gov.br
java.net.UnknownHostException: downloadirpf.receita.fazenda.gov.br
	at java.net.AbstractPlainSocketImpl.connect(Unknown Source)
	at java.net.PlainSocketImpl.connect(Unknown Source)
	at java.net.SocksSocketImpl.connect(Unknown Source)
	at java.net.Socket.connect(Unknown Source)
	at sun.net.NetworkClient.doConnect(Unknown Source)
	at sun.net.www.http.HttpClient.openServer(Unknown Source)
	at sun.net.www.http.HttpClient.openServer(Unknown Source)
	at sun.net.www.http.HttpClient.<init>(Unknown Source)
	at sun.net.www.http.HttpClient.New(Unknown Source)
	at sun.net.www.http.HttpClient.New(Unknown Source)
	at sun.net.www.protocol.http.HttpURLConnection.getNewHttpClient(Unknown Source)
	at sun.net.www.protocol.http.HttpURLConnection.plainConnect0(Unknown Source)
	at sun.net.www.protocol.http.HttpURLConnection.plainConnect(Unknown Source)
	at sun.net.www.protocol.http.HttpURLConnection.connect(Unknown Source)
	at sun.net.www.protocol.http.HttpURLConnection.getInputStream0(Unknown Source)
	at sun.net.www.protocol.http.HttpURLConnection.getInputStream(Unknown Source)
	at jupar.parsers.ReleaseXMLParser.parse(ReleaseXMLParser.java:57)
	at br.gov.serpro.updater.PgdUpdater.getLatestRelease(PgdUpdater.java:502)
	at serpro.ppgd.irpf.util.update.IRPFUpdater.verificarUltimaVersao(Unknown Source)
	at serpro.ppgd.irpf.util.update.IRPFUpdater.verificarUltimaVersaoOnline(Unknown Source)
	at classes.aD.doInBackground(Unknown Source)
	at javax.swing.SwingWorker$1.call(Unknown Source)
	at java.util.concurrent.FutureTask.run(Unknown Source)
	at javax.swing.SwingWorker.run(Unknown Source)
	at java.util.concurrent.ThreadPoolExecutor.runWorker(Unknown Source)
	at java.util.concurrent.ThreadPoolExecutor$Worker.run(Unknown Source)
	at java.lang.Thread.run(Unknown Source)

ago 02, 2020 3:05:24 PM serpro.ppgd.irpf.util.update.IRPFUpdater download
INFORMAÇÕES: Iniciando download da versão: 2.0 (Opcional). Versão Atual: 1.9.
ago 02, 2020 3:05:24 PM br.gov.serpro.updater.PgdUpdater executarDownload
INFORMAÇÕES: Iniciando download dos pacotes de instalação: '[Ljava.lang.String;@b44ea5b'.
ago 02, 2020 3:05:24 PM br.gov.serpro.updater.PgdUpdater registerUpdateStatus
INFORMAÇÕES: Registrando estado atual:Downloading
ago 02, 2020 3:05:26 PM br.gov.serpro.updater.PgdUpdater registerUpdateStatus
INFORMAÇÕES: Registrando estado atual:DownloadCompleted
ago 02, 2020 3:05:32 PM br.gov.serpro.updater.PgdUpdater updateFiles
INFORMAÇÕES: Iniciando decompactação dos arquivos do pacote na pasta temporária: 'C:\Users\bagr\.irpf\tmp_IRPF2020'.
ago 02, 2020 3:05:32 PM br.gov.serpro.updater.PgdUpdater registerUpdateStatus
INFORMAÇÕES: Registrando estado atual:Updtating
ago 02, 2020 3:05:33 PM br.gov.serpro.updater.PgdUpdater updateFiles
INFORMAÇÕES: Iniciando a atualização dos arquivos.
ago 02, 2020 3:05:33 PM br.gov.serpro.updater.PgdUpdater registerUpdateStatus
INFORMAÇÕES: Registrando estado atual:Updtating
ago 02, 2020 3:05:33 PM br.gov.serpro.updater.PgdUpdater registerUpdateStatus
INFORMAÇÕES: Registrando estado atual:UpdateCompleted
fev 24, 2021 9:56:43 AM serpro.ppgd.irpf.util.update.IRPFUpdater download
INFORMAÇÕES: Iniciando download de arquivos internos: [BANCO].
fev 24, 2021 9:56:43 AM br.gov.serpro.updater.PgdUpdater executarDownload
INFORMAÇÕES: Iniciando download dos pacotes de instalação: '[Ljava.lang.String;@49187c3a'.
fev 24, 2021 9:56:43 AM br.gov.serpro.updater.PgdUpdater registerUpdateStatus
INFORMAÇÕES: Registrando estado atual:Downloading
fev 24, 2021 9:56:43 AM br.gov.serpro.updater.PgdUpdater registerUpdateStatus
INFORMAÇÕES: Registrando estado atual:DownloadCompleted
fev 24, 2021 9:56:43 AM br.gov.serpro.updater.PgdUpdater updateFiles
INFORMAÇÕES: Iniciando decompactação dos arquivos do pacote na pasta temporária: 'C:\Users\bagr\.irpf\tmp_IRPF2020'.
fev 24, 2021 9:56:43 AM br.gov.serpro.updater.PgdUpdater registerUpdateStatus
INFORMAÇÕES: Registrando estado atual:Updtating
fev 24, 2021 9:56:43 AM br.gov.serpro.updater.PgdUpdater updateFiles
INFORMAÇÕES: Iniciando a atualização dos arquivos.
fev 24, 2021 9:56:43 AM br.gov.serpro.updater.PgdUpdater registerUpdateStatus
INFORMAÇÕES: Registrando estado atual:Updtating
fev 24, 2021 9:56:43 AM br.gov.serpro.updater.PgdUpdater registerUpdateStatus
INFORMAÇÕES: Registrando estado atual:UpdateCompleted
fev 24, 2021 9:56:43 AM br.gov.serpro.updater.PgdUpdater registerUpdateStatus
INFORMAÇÕES: Registrando estado atual:NotStarted
fev 25, 2021 1:49:53 PM serpro.ppgd.irpf.util.update.IRPFUpdater download
INFORMAÇÕES: Iniciando download de arquivos internos: [BANCO, BBENS].
fev 25, 2021 1:49:53 PM br.gov.serpro.updater.PgdUpdater executarDownload
INFORMAÇÕES: Iniciando download dos pacotes de instalação: '[Ljava.lang.String;@623a356e'.
fev 25, 2021 1:49:53 PM br.gov.serpro.updater.PgdUpdater registerUpdateStatus
INFORMAÇÕES: Registrando estado atual:Downloading
fev 25, 2021 1:49:54 PM br.gov.serpro.updater.PgdUpdater registerUpdateStatus
INFORMAÇÕES: Registrando estado atual:DownloadCompleted
fev 25, 2021 1:49:54 PM br.gov.serpro.updater.PgdUpdater updateFiles
INFORMAÇÕES: Iniciando decompactação dos arquivos do pacote na pasta temporária: 'C:\Users\bagr\.irpf\tmp_IRPF2020'.
fev 25, 2021 1:49:54 PM br.gov.serpro.updater.PgdUpdater registerUpdateStatus
INFORMAÇÕES: Registrando estado atual:Updtating
fev 25, 2021 1:49:54 PM br.gov.serpro.updater.PgdUpdater updateFiles
INFORMAÇÕES: Iniciando a atualização dos arquivos.
fev 25, 2021 1:49:54 PM br.gov.serpro.updater.PgdUpdater registerUpdateStatus
INFORMAÇÕES: Registrando estado atual:Updtating
fev 25, 2021 1:49:54 PM br.gov.serpro.updater.PgdUpdater registerUpdateStatus
INFORMAÇÕES: Registrando estado atual:UpdateCompleted
fev 25, 2021 1:49:54 PM br.gov.serpro.updater.PgdUpdater registerUpdateStatus
INFORMAÇÕES: Registrando estado atual:NotStarted
mar 17, 2021 1:30:28 PM serpro.ppgd.irpf.util.update.IRPFUpdater download
INFORMAÇÕES: Iniciando download de arquivos internos: [BANCO, BBENS].
mar 17, 2021 1:30:28 PM br.gov.serpro.updater.PgdUpdater executarDownload
INFORMAÇÕES: Iniciando download dos pacotes de instalação: '[Ljava.lang.String;@6c5e81f0'.
mar 17, 2021 1:30:28 PM br.gov.serpro.updater.PgdUpdater registerUpdateStatus
INFORMAÇÕES: Registrando estado atual:Downloading
mar 17, 2021 1:30:28 PM br.gov.serpro.updater.PgdUpdater registerUpdateStatus
INFORMAÇÕES: Registrando estado atual:DownloadCompleted
mar 17, 2021 1:30:28 PM br.gov.serpro.updater.PgdUpdater updateFiles
INFORMAÇÕES: Iniciando decompactação dos arquivos do pacote na pasta temporária: 'C:\Users\bagr\.irpf\tmp_IRPF2020'.
mar 17, 2021 1:30:28 PM br.gov.serpro.updater.PgdUpdater registerUpdateStatus
INFORMAÇÕES: Registrando estado atual:Updtating
mar 17, 2021 1:30:28 PM br.gov.serpro.updater.PgdUpdater updateFiles
INFORMAÇÕES: Iniciando a atualização dos arquivos.
mar 17, 2021 1:30:28 PM br.gov.serpro.updater.PgdUpdater registerUpdateStatus
INFORMAÇÕES: Registrando estado atual:Updtating
mar 17, 2021 1:30:28 PM br.gov.serpro.updater.PgdUpdater registerUpdateStatus
INFORMAÇÕES: Registrando estado atual:UpdateCompleted
mar 17, 2021 1:30:28 PM br.gov.serpro.updater.PgdUpdater registerUpdateStatus
INFORMAÇÕES: Registrando estado atual:NotStarted
mar 26, 2021 10:35:23 AM serpro.ppgd.irpf.util.update.IRPFUpdater download
INFORMAÇÕES: Iniciando download de arquivos internos: [BANCO].
mar 26, 2021 10:35:23 AM br.gov.serpro.updater.PgdUpdater executarDownload
INFORMAÇÕES: Iniciando download dos pacotes de instalação: '[Ljava.lang.String;@14389dee'.
mar 26, 2021 10:35:23 AM br.gov.serpro.updater.PgdUpdater registerUpdateStatus
INFORMAÇÕES: Registrando estado atual:Downloading
mar 26, 2021 10:35:23 AM br.gov.serpro.updater.PgdUpdater registerUpdateStatus
INFORMAÇÕES: Registrando estado atual:DownloadCompleted
mar 26, 2021 10:35:23 AM br.gov.serpro.updater.PgdUpdater updateFiles
INFORMAÇÕES: Iniciando decompactação dos arquivos do pacote na pasta temporária: 'C:\Users\bagr\.irpf\tmp_IRPF2020'.
mar 26, 2021 10:35:23 AM br.gov.serpro.updater.PgdUpdater registerUpdateStatus
INFORMAÇÕES: Registrando estado atual:Updtating
mar 26, 2021 10:35:23 AM br.gov.serpro.updater.PgdUpdater updateFiles
INFORMAÇÕES: Iniciando a atualização dos arquivos.
mar 26, 2021 10:35:23 AM br.gov.serpro.updater.PgdUpdater registerUpdateStatus
INFORMAÇÕES: Registrando estado atual:Updtating
mar 26, 2021 10:35:23 AM br.gov.serpro.updater.PgdUpdater registerUpdateStatus
INFORMAÇÕES: Registrando estado atual:UpdateCompleted
mar 26, 2021 10:35:23 AM br.gov.serpro.updater.PgdUpdater registerUpdateStatus
INFORMAÇÕES: Registrando estado atual:NotStarted
abr 21, 2021 10:49:23 AM serpro.ppgd.irpf.util.update.IRPFUpdater download
INFORMAÇÕES: Iniciando download de arquivos internos: [BANCO, BBENS].
abr 21, 2021 10:49:23 AM br.gov.serpro.updater.PgdUpdater executarDownload
INFORMAÇÕES: Iniciando download dos pacotes de instalação: '[Ljava.lang.String;@26c996aa'.
abr 21, 2021 10:49:23 AM br.gov.serpro.updater.PgdUpdater registerUpdateStatus
INFORMAÇÕES: Registrando estado atual:Downloading
abr 21, 2021 10:49:23 AM br.gov.serpro.updater.PgdUpdater registerUpdateStatus
INFORMAÇÕES: Registrando estado atual:DownloadCompleted
abr 21, 2021 10:49:23 AM br.gov.serpro.updater.PgdUpdater updateFiles
INFORMAÇÕES: Iniciando decompactação dos arquivos do pacote na pasta temporária: 'C:\Users\bagr\.irpf\tmp_IRPF2020'.
abr 21, 2021 10:49:23 AM br.gov.serpro.updater.PgdUpdater registerUpdateStatus
INFORMAÇÕES: Registrando estado atual:Updtating
abr 21, 2021 10:49:23 AM br.gov.serpro.updater.PgdUpdater updateFiles
INFORMAÇÕES: Iniciando a atualização dos arquivos.
abr 21, 2021 10:49:23 AM br.gov.serpro.updater.PgdUpdater registerUpdateStatus
INFORMAÇÕES: Registrando estado atual:Updtating
abr 21, 2021 10:49:23 AM br.gov.serpro.updater.PgdUpdater registerUpdateStatus
INFORMAÇÕES: Registrando estado atual:UpdateCompleted
abr 21, 2021 10:49:23 AM br.gov.serpro.updater.PgdUpdater registerUpdateStatus
INFORMAÇÕES: Registrando estado atual:NotStarted
