mar 02, 2021 9:24:32 AM serpro.ppgd.irpf.util.update.IRPFUpdater download
INFORMAÇÕES: Iniciando download de arquivos internos: [BANCO, BBENS].
mar 02, 2021 9:24:32 AM br.gov.serpro.updater.PgdUpdater executarDownload
INFORMAÇÕES: Iniciando download dos pacotes de instalação: '[Ljava.lang.String;@1c99fb8'.
mar 02, 2021 9:24:32 AM br.gov.serpro.updater.PgdUpdater registerUpdateStatus
INFORMAÇÕES: Registrando estado atual:Downloading
mar 02, 2021 9:24:32 AM br.gov.serpro.updater.PgdUpdater registerUpdateStatus
INFORMAÇÕES: Registrando estado atual:DownloadCompleted
mar 02, 2021 9:24:32 AM br.gov.serpro.updater.PgdUpdater updateFiles
INFORMAÇÕES: Iniciando decompactação dos arquivos do pacote na pasta temporária: 'C:\Users\bagr\.irpf\tmp_IRPF2021'.
mar 02, 2021 9:24:32 AM br.gov.serpro.updater.PgdUpdater registerUpdateStatus
INFORMAÇÕES: Registrando estado atual:Updtating
mar 02, 2021 9:24:32 AM br.gov.serpro.updater.PgdUpdater updateFiles
INFORMAÇÕES: Iniciando a atualização dos arquivos.
mar 02, 2021 9:24:32 AM br.gov.serpro.updater.PgdUpdater registerUpdateStatus
INFORMAÇÕES: Registrando estado atual:Updtating
mar 02, 2021 9:24:32 AM br.gov.serpro.updater.PgdUpdater registerUpdateStatus
INFORMAÇÕES: Registrando estado atual:UpdateCompleted
mar 02, 2021 9:24:32 AM br.gov.serpro.updater.PgdUpdater registerUpdateStatus
INFORMAÇÕES: Registrando estado atual:NotStarted
mar 26, 2021 10:24:53 AM serpro.ppgd.irpf.util.update.IRPFUpdater download
INFORMAÇÕES: Iniciando download da versão: 1.2 (Opcional). Versão Atual: 1.1.
mar 26, 2021 10:24:53 AM br.gov.serpro.updater.PgdUpdater executarDownload
INFORMAÇÕES: Iniciando download dos pacotes de instalação: '[Ljava.lang.String;@b08968'.
mar 26, 2021 10:24:53 AM br.gov.serpro.updater.PgdUpdater registerUpdateStatus
INFORMAÇÕES: Registrando estado atual:Downloading
mar 26, 2021 10:24:56 AM br.gov.serpro.updater.PgdUpdater registerUpdateStatus
INFORMAÇÕES: Registrando estado atual:DownloadCompleted
mar 26, 2021 10:25:05 AM br.gov.serpro.updater.PgdUpdater updateFiles
INFORMAÇÕES: Iniciando decompactação dos arquivos do pacote na pasta temporária: 'C:\Users\bagr\.irpf\tmp_IRPF2021'.
mar 26, 2021 10:25:05 AM br.gov.serpro.updater.PgdUpdater registerUpdateStatus
INFORMAÇÕES: Registrando estado atual:Updtating
mar 26, 2021 10:25:05 AM br.gov.serpro.updater.PgdUpdater updateFiles
INFORMAÇÕES: Iniciando a atualização dos arquivos.
mar 26, 2021 10:25:05 AM br.gov.serpro.updater.PgdUpdater registerUpdateStatus
INFORMAÇÕES: Registrando estado atual:Updtating
mar 26, 2021 10:25:05 AM br.gov.serpro.updater.PgdUpdater registerUpdateStatus
INFORMAÇÕES: Registrando estado atual:UpdateCompleted
mar 26, 2021 10:25:11 AM serpro.ppgd.irpf.util.update.IRPFUpdater download
INFORMAÇÕES: Iniciando download de arquivos internos: [BANCO, BBENS].
mar 26, 2021 10:25:11 AM br.gov.serpro.updater.PgdUpdater executarDownload
INFORMAÇÕES: Iniciando download dos pacotes de instalação: '[Ljava.lang.String;@3e7e15'.
mar 26, 2021 10:25:11 AM br.gov.serpro.updater.PgdUpdater registerUpdateStatus
INFORMAÇÕES: Registrando estado atual:Downloading
mar 26, 2021 10:25:11 AM br.gov.serpro.updater.PgdUpdater registerUpdateStatus
INFORMAÇÕES: Registrando estado atual:DownloadCompleted
mar 26, 2021 10:25:11 AM br.gov.serpro.updater.PgdUpdater updateFiles
INFORMAÇÕES: Iniciando decompactação dos arquivos do pacote na pasta temporária: 'C:\Users\bagr\.irpf\tmp_IRPF2021'.
mar 26, 2021 10:25:11 AM br.gov.serpro.updater.PgdUpdater registerUpdateStatus
INFORMAÇÕES: Registrando estado atual:Updtating
mar 26, 2021 10:25:11 AM br.gov.serpro.updater.PgdUpdater updateFiles
INFORMAÇÕES: Iniciando a atualização dos arquivos.
mar 26, 2021 10:25:11 AM br.gov.serpro.updater.PgdUpdater registerUpdateStatus
INFORMAÇÕES: Registrando estado atual:Updtating
mar 26, 2021 10:25:11 AM br.gov.serpro.updater.PgdUpdater registerUpdateStatus
INFORMAÇÕES: Registrando estado atual:UpdateCompleted
mar 26, 2021 10:25:11 AM br.gov.serpro.updater.PgdUpdater registerUpdateStatus
INFORMAÇÕES: Registrando estado atual:NotStarted
mar 31, 2021 3:01:12 PM serpro.ppgd.irpf.util.update.IRPFUpdater download
INFORMAÇÕES: Iniciando download de arquivos internos: [BANCO, BBENS].
mar 31, 2021 3:01:12 PM br.gov.serpro.updater.PgdUpdater executarDownload
INFORMAÇÕES: Iniciando download dos pacotes de instalação: '[Ljava.lang.String;@1f50cd0'.
mar 31, 2021 3:01:12 PM br.gov.serpro.updater.PgdUpdater registerUpdateStatus
INFORMAÇÕES: Registrando estado atual:Downloading
mar 31, 2021 3:01:12 PM br.gov.serpro.updater.PgdUpdater registerUpdateStatus
INFORMAÇÕES: Registrando estado atual:DownloadCompleted
mar 31, 2021 3:01:12 PM br.gov.serpro.updater.PgdUpdater updateFiles
INFORMAÇÕES: Iniciando decompactação dos arquivos do pacote na pasta temporária: 'C:\Users\bagr\.irpf\tmp_IRPF2021'.
mar 31, 2021 3:01:12 PM br.gov.serpro.updater.PgdUpdater registerUpdateStatus
INFORMAÇÕES: Registrando estado atual:Updtating
mar 31, 2021 3:01:12 PM br.gov.serpro.updater.PgdUpdater updateFiles
INFORMAÇÕES: Iniciando a atualização dos arquivos.
mar 31, 2021 3:01:12 PM br.gov.serpro.updater.PgdUpdater registerUpdateStatus
INFORMAÇÕES: Registrando estado atual:Updtating
mar 31, 2021 3:01:12 PM br.gov.serpro.updater.PgdUpdater registerUpdateStatus
INFORMAÇÕES: Registrando estado atual:UpdateCompleted
mar 31, 2021 3:01:12 PM br.gov.serpro.updater.PgdUpdater registerUpdateStatus
INFORMAÇÕES: Registrando estado atual:NotStarted
mai 06, 2021 4:29:25 PM serpro.ppgd.irpf.util.update.IRPFUpdater download
INFORMAÇÕES: Iniciando download da versão: 1.3 (Opcional). Versão Atual: 1.2.
mai 06, 2021 4:29:25 PM br.gov.serpro.updater.PgdUpdater executarDownload
INFORMAÇÕES: Iniciando download dos pacotes de instalação: '[Ljava.lang.String;@1eaa801'.
mai 06, 2021 4:29:25 PM br.gov.serpro.updater.PgdUpdater registerUpdateStatus
INFORMAÇÕES: Registrando estado atual:Downloading
mai 06, 2021 4:29:38 PM br.gov.serpro.updater.PgdUpdater downloadFiles
GRAVE: Read timed out
java.net.SocketTimeoutException: Read timed out
	at java.base/java.net.SocketInputStream.socketRead0(Native Method)
	at java.base/java.net.SocketInputStream.socketRead(Unknown Source)
	at java.base/java.net.SocketInputStream.read(Unknown Source)
	at java.base/java.net.SocketInputStream.read(Unknown Source)
	at java.base/java.io.BufferedInputStream.fill(Unknown Source)
	at java.base/java.io.BufferedInputStream.read1(Unknown Source)
	at java.base/java.io.BufferedInputStream.read(Unknown Source)
	at java.base/sun.net.www.MeteredStream.read(Unknown Source)
	at java.base/java.io.FilterInputStream.read(Unknown Source)
	at java.base/sun.net.www.protocol.http.HttpURLConnection$HttpInputStream.read(Unknown Source)
	at java.base/sun.net.www.protocol.http.HttpURLConnection$HttpInputStream.read(Unknown Source)
	at jupar.Downloader.wget(Downloader.java:98)
	at jupar.Downloader.download(Downloader.java:67)
	at br.gov.serpro.updater.PgdUpdater.downloadFiles(PgdUpdater.java:599)
	at br.gov.serpro.updater.PgdUpdater.executarDownload(PgdUpdater.java:578)
	at br.gov.serpro.updater.PgdUpdater.executarDownload(PgdUpdater.java:567)
	at serpro.ppgd.irpf.util.update.IRPFUpdater.download(IRPFUpdater.java:515)
	at serpro.ppgd.app.acoes.VerificarNovaVersaoAction$4.run(VerificarNovaVersaoAction.java:302)
	at java.base/java.lang.Thread.run(Unknown Source)

mai 06, 2021 4:29:38 PM br.gov.serpro.updater.PgdUpdater executarDownload
GRAVE: Ocorreu um erro durante a transferência de arquivos do aplicativo.
br.gov.serpro.updater.AtualizacaoException: Ocorreu um erro durante a transferência de arquivos do aplicativo.
	at br.gov.serpro.updater.PgdUpdater.downloadFiles(PgdUpdater.java:603)
	at br.gov.serpro.updater.PgdUpdater.executarDownload(PgdUpdater.java:578)
	at br.gov.serpro.updater.PgdUpdater.executarDownload(PgdUpdater.java:567)
	at serpro.ppgd.irpf.util.update.IRPFUpdater.download(IRPFUpdater.java:515)
	at serpro.ppgd.app.acoes.VerificarNovaVersaoAction$4.run(VerificarNovaVersaoAction.java:302)
	at java.base/java.lang.Thread.run(Unknown Source)
Caused by: java.net.SocketTimeoutException: Read timed out
	at java.base/java.net.SocketInputStream.socketRead0(Native Method)
	at java.base/java.net.SocketInputStream.socketRead(Unknown Source)
	at java.base/java.net.SocketInputStream.read(Unknown Source)
	at java.base/java.net.SocketInputStream.read(Unknown Source)
	at java.base/java.io.BufferedInputStream.fill(Unknown Source)
	at java.base/java.io.BufferedInputStream.read1(Unknown Source)
	at java.base/java.io.BufferedInputStream.read(Unknown Source)
	at java.base/sun.net.www.MeteredStream.read(Unknown Source)
	at java.base/java.io.FilterInputStream.read(Unknown Source)
	at java.base/sun.net.www.protocol.http.HttpURLConnection$HttpInputStream.read(Unknown Source)
	at java.base/sun.net.www.protocol.http.HttpURLConnection$HttpInputStream.read(Unknown Source)
	at jupar.Downloader.wget(Downloader.java:98)
	at jupar.Downloader.download(Downloader.java:67)
	at br.gov.serpro.updater.PgdUpdater.downloadFiles(PgdUpdater.java:599)
	... 5 more

mai 06, 2021 4:29:38 PM br.gov.serpro.updater.PgdUpdater registerUpdateStatus
INFORMAÇÕES: Registrando estado atual:DownloadError
mai 28, 2021 9:42:45 AM serpro.ppgd.irpf.util.update.IRPFUpdater download
INFORMAÇÕES: Iniciando download da versão: 1.6 (Opcional). Versão Atual: 1.3.
mai 28, 2021 9:42:45 AM br.gov.serpro.updater.PgdUpdater executarDownload
INFORMAÇÕES: Iniciando download dos pacotes de instalação: '[Ljava.lang.String;@a6fca4'.
mai 28, 2021 9:42:45 AM br.gov.serpro.updater.PgdUpdater registerUpdateStatus
INFORMAÇÕES: Registrando estado atual:Downloading
mai 28, 2021 9:42:58 AM br.gov.serpro.updater.PgdUpdater downloadFiles
GRAVE: Read timed out
java.net.SocketTimeoutException: Read timed out
	at java.base/java.net.SocketInputStream.socketRead0(Native Method)
	at java.base/java.net.SocketInputStream.socketRead(Unknown Source)
	at java.base/java.net.SocketInputStream.read(Unknown Source)
	at java.base/java.net.SocketInputStream.read(Unknown Source)
	at java.base/java.io.BufferedInputStream.fill(Unknown Source)
	at java.base/java.io.BufferedInputStream.read1(Unknown Source)
	at java.base/java.io.BufferedInputStream.read(Unknown Source)
	at java.base/sun.net.www.MeteredStream.read(Unknown Source)
	at java.base/java.io.FilterInputStream.read(Unknown Source)
	at java.base/sun.net.www.protocol.http.HttpURLConnection$HttpInputStream.read(Unknown Source)
	at java.base/sun.net.www.protocol.http.HttpURLConnection$HttpInputStream.read(Unknown Source)
	at jupar.Downloader.wget(Downloader.java:98)
	at jupar.Downloader.download(Downloader.java:67)
	at br.gov.serpro.updater.PgdUpdater.downloadFiles(PgdUpdater.java:599)
	at br.gov.serpro.updater.PgdUpdater.executarDownload(PgdUpdater.java:578)
	at br.gov.serpro.updater.PgdUpdater.executarDownload(PgdUpdater.java:567)
	at serpro.ppgd.irpf.util.update.IRPFUpdater.download(IRPFUpdater.java:515)
	at serpro.ppgd.app.acoes.VerificarNovaVersaoAction$4.run(VerificarNovaVersaoAction.java:312)
	at java.base/java.lang.Thread.run(Unknown Source)

mai 28, 2021 9:42:58 AM br.gov.serpro.updater.PgdUpdater executarDownload
GRAVE: Ocorreu um erro durante a transferência de arquivos do aplicativo.
br.gov.serpro.updater.AtualizacaoException: Ocorreu um erro durante a transferência de arquivos do aplicativo.
	at br.gov.serpro.updater.PgdUpdater.downloadFiles(PgdUpdater.java:603)
	at br.gov.serpro.updater.PgdUpdater.executarDownload(PgdUpdater.java:578)
	at br.gov.serpro.updater.PgdUpdater.executarDownload(PgdUpdater.java:567)
	at serpro.ppgd.irpf.util.update.IRPFUpdater.download(IRPFUpdater.java:515)
	at serpro.ppgd.app.acoes.VerificarNovaVersaoAction$4.run(VerificarNovaVersaoAction.java:312)
	at java.base/java.lang.Thread.run(Unknown Source)
Caused by: java.net.SocketTimeoutException: Read timed out
	at java.base/java.net.SocketInputStream.socketRead0(Native Method)
	at java.base/java.net.SocketInputStream.socketRead(Unknown Source)
	at java.base/java.net.SocketInputStream.read(Unknown Source)
	at java.base/java.net.SocketInputStream.read(Unknown Source)
	at java.base/java.io.BufferedInputStream.fill(Unknown Source)
	at java.base/java.io.BufferedInputStream.read1(Unknown Source)
	at java.base/java.io.BufferedInputStream.read(Unknown Source)
	at java.base/sun.net.www.MeteredStream.read(Unknown Source)
	at java.base/java.io.FilterInputStream.read(Unknown Source)
	at java.base/sun.net.www.protocol.http.HttpURLConnection$HttpInputStream.read(Unknown Source)
	at java.base/sun.net.www.protocol.http.HttpURLConnection$HttpInputStream.read(Unknown Source)
	at jupar.Downloader.wget(Downloader.java:98)
	at jupar.Downloader.download(Downloader.java:67)
	at br.gov.serpro.updater.PgdUpdater.downloadFiles(PgdUpdater.java:599)
	... 5 more

mai 28, 2021 9:42:58 AM br.gov.serpro.updater.PgdUpdater registerUpdateStatus
INFORMAÇÕES: Registrando estado atual:DownloadError
mai 28, 2021 10:37:23 AM serpro.ppgd.irpf.util.update.IRPFUpdater download
INFORMAÇÕES: Iniciando download da versão: 1.6 (Opcional). Versão Atual: 1.3.
mai 28, 2021 10:37:23 AM br.gov.serpro.updater.PgdUpdater executarDownload
INFORMAÇÕES: Iniciando download dos pacotes de instalação: '[Ljava.lang.String;@1d7dc88'.
mai 28, 2021 10:37:23 AM br.gov.serpro.updater.PgdUpdater registerUpdateStatus
INFORMAÇÕES: Registrando estado atual:Downloading
mai 28, 2021 10:37:28 AM br.gov.serpro.updater.PgdUpdater registerUpdateStatus
INFORMAÇÕES: Registrando estado atual:DownloadCompleted
mai 28, 2021 10:37:31 AM br.gov.serpro.updater.PgdUpdater updateFiles
INFORMAÇÕES: Iniciando decompactação dos arquivos do pacote na pasta temporária: 'C:\Users\bagr\.irpf\tmp_IRPF2021'.
mai 28, 2021 10:37:31 AM br.gov.serpro.updater.PgdUpdater registerUpdateStatus
INFORMAÇÕES: Registrando estado atual:Updtating
mai 28, 2021 10:37:31 AM br.gov.serpro.updater.PgdUpdater updateFiles
INFORMAÇÕES: Iniciando a atualização dos arquivos.
mai 28, 2021 10:37:31 AM br.gov.serpro.updater.PgdUpdater registerUpdateStatus
INFORMAÇÕES: Registrando estado atual:Updtating
mai 28, 2021 10:37:31 AM br.gov.serpro.updater.PgdUpdater registerUpdateStatus
INFORMAÇÕES: Registrando estado atual:UpdateCompleted
mai 28, 2021 10:37:35 AM serpro.ppgd.irpf.util.update.IRPFUpdater download
INFORMAÇÕES: Iniciando download de arquivos internos: [ECA].
mai 28, 2021 10:37:35 AM br.gov.serpro.updater.PgdUpdater executarDownload
INFORMAÇÕES: Iniciando download dos pacotes de instalação: '[Ljava.lang.String;@11916ff'.
mai 28, 2021 10:37:35 AM br.gov.serpro.updater.PgdUpdater registerUpdateStatus
INFORMAÇÕES: Registrando estado atual:Downloading
mai 28, 2021 10:37:35 AM br.gov.serpro.updater.PgdUpdater registerUpdateStatus
INFORMAÇÕES: Registrando estado atual:DownloadCompleted
mai 28, 2021 10:37:35 AM br.gov.serpro.updater.PgdUpdater updateFiles
INFORMAÇÕES: Iniciando decompactação dos arquivos do pacote na pasta temporária: 'C:\Users\bagr\.irpf\tmp_IRPF2021'.
mai 28, 2021 10:37:35 AM br.gov.serpro.updater.PgdUpdater registerUpdateStatus
INFORMAÇÕES: Registrando estado atual:Updtating
mai 28, 2021 10:37:35 AM br.gov.serpro.updater.PgdUpdater updateFiles
INFORMAÇÕES: Iniciando a atualização dos arquivos.
mai 28, 2021 10:37:35 AM br.gov.serpro.updater.PgdUpdater registerUpdateStatus
INFORMAÇÕES: Registrando estado atual:Updtating
mai 28, 2021 10:37:35 AM br.gov.serpro.updater.PgdUpdater registerUpdateStatus
INFORMAÇÕES: Registrando estado atual:UpdateCompleted
mai 28, 2021 10:37:35 AM br.gov.serpro.updater.PgdUpdater registerUpdateStatus
INFORMAÇÕES: Registrando estado atual:NotStarted
mai 29, 2021 2:18:19 PM serpro.ppgd.irpf.util.update.IRPFUpdater download
INFORMAÇÕES: Iniciando download de arquivos internos: [DIVID].
mai 29, 2021 2:18:20 PM br.gov.serpro.updater.PgdUpdater executarDownload
INFORMAÇÕES: Iniciando download dos pacotes de instalação: '[Ljava.lang.String;@789309'.
mai 29, 2021 2:18:20 PM br.gov.serpro.updater.PgdUpdater registerUpdateStatus
INFORMAÇÕES: Registrando estado atual:Downloading
mai 29, 2021 2:18:22 PM br.gov.serpro.updater.PgdUpdater registerUpdateStatus
INFORMAÇÕES: Registrando estado atual:DownloadCompleted
mai 29, 2021 2:18:22 PM br.gov.serpro.updater.PgdUpdater updateFiles
INFORMAÇÕES: Iniciando decompactação dos arquivos do pacote na pasta temporária: 'C:\Users\bagr\.irpf\tmp_IRPF2021'.
mai 29, 2021 2:18:23 PM br.gov.serpro.updater.PgdUpdater registerUpdateStatus
INFORMAÇÕES: Registrando estado atual:Updtating
mai 29, 2021 2:18:23 PM br.gov.serpro.updater.PgdUpdater updateFiles
INFORMAÇÕES: Iniciando a atualização dos arquivos.
mai 29, 2021 2:18:23 PM br.gov.serpro.updater.PgdUpdater registerUpdateStatus
INFORMAÇÕES: Registrando estado atual:Updtating
mai 29, 2021 2:18:24 PM br.gov.serpro.updater.PgdUpdater registerUpdateStatus
INFORMAÇÕES: Registrando estado atual:UpdateCompleted
mai 29, 2021 2:18:24 PM br.gov.serpro.updater.PgdUpdater registerUpdateStatus
INFORMAÇÕES: Registrando estado atual:NotStarted
mai 30, 2021 8:47:40 AM serpro.ppgd.irpf.util.update.IRPFUpdater download
INFORMAÇÕES: Iniciando download de arquivos internos: [DIVID].
mai 30, 2021 8:47:41 AM br.gov.serpro.updater.PgdUpdater executarDownload
INFORMAÇÕES: Iniciando download dos pacotes de instalação: '[Ljava.lang.String;@1fe6caa'.
mai 30, 2021 8:47:41 AM br.gov.serpro.updater.PgdUpdater registerUpdateStatus
INFORMAÇÕES: Registrando estado atual:Downloading
mai 30, 2021 8:47:41 AM br.gov.serpro.updater.PgdUpdater registerUpdateStatus
INFORMAÇÕES: Registrando estado atual:DownloadCompleted
mai 30, 2021 8:47:41 AM br.gov.serpro.updater.PgdUpdater updateFiles
INFORMAÇÕES: Iniciando decompactação dos arquivos do pacote na pasta temporária: 'C:\Users\bagr\.irpf\tmp_IRPF2021'.
mai 30, 2021 8:47:41 AM br.gov.serpro.updater.PgdUpdater registerUpdateStatus
INFORMAÇÕES: Registrando estado atual:Updtating
mai 30, 2021 8:47:41 AM br.gov.serpro.updater.PgdUpdater updateFiles
INFORMAÇÕES: Iniciando a atualização dos arquivos.
mai 30, 2021 8:47:41 AM br.gov.serpro.updater.PgdUpdater registerUpdateStatus
INFORMAÇÕES: Registrando estado atual:Updtating
mai 30, 2021 8:47:41 AM br.gov.serpro.updater.PgdUpdater registerUpdateStatus
INFORMAÇÕES: Registrando estado atual:UpdateCompleted
mai 30, 2021 8:47:41 AM br.gov.serpro.updater.PgdUpdater registerUpdateStatus
INFORMAÇÕES: Registrando estado atual:NotStarted
